contributors.html     http://outreach.vlabs.ac.in/
feedback.html     http://outreach.vlabs.ac.in/
index.html     http://outreach.vlabs.ac.in/
overview.html     http://outreach.vlabs.ac.in/
performance-report.html     http://vlab.co.in
posttest.html     http://outreach.vlabs.ac.in/
pretest.html     http://outreach.vlabs.ac.in/
references.html     http://outreach.vlabs.ac.in/
validator-report.html     http://vlab.co.in
genecharacterization/index.html     http://outreach.vlabs.ac.in/
genecharacterization/procedure.html     http://outreach.vlabs.ac.in/
genecharacterization/theory.html     http://outreach.vlabs.ac.in/
genecloningmethod/index.html     http://outreach.vlabs.ac.in/
genecloningmethod/procedure.html     http://outreach.vlabs.ac.in/
genecloningmethod/theory.html     http://outreach.vlabs.ac.in/
generegulation/index.html     http://outreach.vlabs.ac.in/
generegulation/procedure.html     http://outreach.vlabs.ac.in/
generegulation/theory.html     http://outreach.vlabs.ac.in/
geneexpression/index.html     http://outreach.vlabs.ac.in/
geneexpression/procedure.html     http://outreach.vlabs.ac.in/
geneexpression/theory.html     http://outreach.vlabs.ac.in/
